<?xml version="1.0" encoding="UTF-8"?>
<!-- Generated by org.testng.reporters.JUnitXMLReporter -->
<testsuite ignored="0" hostname="LAPTOP-J1828RIE" failures="0" tests="4" name="LoginTestt" time="0.069" errors="0" timestamp="2025-09-16T11:09:02 IST">
  <testcase classname="automationcore.Base" name="@BeforeMethod intializeBrowser" time="0.006">
    <failure type="java.io.FileNotFoundException" message="null\Abhijeeth\OneDrive\Documents\Projecttest.xlsx (The system cannot find the path specified)">
      <![CDATA[java.io.FileNotFoundException: null\Abhijeeth\OneDrive\Documents\Projecttest.xlsx (The system cannot find the path specified)
at java.base/java.io.FileInputStream.open0(Native Method)
at java.base/java.io.FileInputStream.open(FileInputStream.java:213)
at java.base/java.io.FileInputStream.<init>(FileInputStream.java:152)
at java.base/java.io.FileInputStream.<init>(FileInputStream.java:106)
at automationcore.Base.intializeBrowser(Base.java:32)
at java.base/java.util.ArrayList.forEach(ArrayList.java:1596)
... Removed 29 stack frames]]>
    </failure>
  </testcase> <!-- @BeforeMethod intializeBrowser -->
  <testcase classname="automationcore.Base" name="@AfterMethod driverQuit" time="0.001">
    <failure type="java.lang.NullPointerException" message="Cannot invoke &amp;quot;org.openqa.selenium.WebDriver.quit()&amp;quot; because &amp;quot;this.driver&amp;quot; is null">
      <![CDATA[java.lang.NullPointerException: Cannot invoke "org.openqa.selenium.WebDriver.quit()" because "this.driver" is null
at automationcore.Base.driverQuit(Base.java:70)
at java.base/java.util.ArrayList.forEach(ArrayList.java:1596)
... Removed 30 stack frames]]>
    </failure>
  </testcase> <!-- @AfterMethod driverQuit -->
  <testcase classname="automationcore.Base" name="@BeforeMethod intializeBrowser" time="0.0">
    <failure type="java.io.FileNotFoundException" message="null\Abhijeeth\OneDrive\Documents\Projecttest.xlsx (The system cannot find the path specified)">
      <![CDATA[java.io.FileNotFoundException: null\Abhijeeth\OneDrive\Documents\Projecttest.xlsx (The system cannot find the path specified)
at java.base/java.io.FileInputStream.open0(Native Method)
at java.base/java.io.FileInputStream.open(FileInputStream.java:213)
at java.base/java.io.FileInputStream.<init>(FileInputStream.java:152)
at java.base/java.io.FileInputStream.<init>(FileInputStream.java:106)
at automationcore.Base.intializeBrowser(Base.java:32)
at java.base/java.util.ArrayList.forEach(ArrayList.java:1596)
... Removed 29 stack frames]]>
    </failure>
  </testcase> <!-- @BeforeMethod intializeBrowser -->
  <testcase classname="automationcore.Base" name="@AfterMethod driverQuit" time="0.001">
    <failure type="java.lang.NullPointerException" message="Cannot invoke &amp;quot;org.openqa.selenium.WebDriver.quit()&amp;quot; because &amp;quot;this.driver&amp;quot; is null">
      <![CDATA[java.lang.NullPointerException: Cannot invoke "org.openqa.selenium.WebDriver.quit()" because "this.driver" is null
at automationcore.Base.driverQuit(Base.java:70)
at java.base/java.util.ArrayList.forEach(ArrayList.java:1596)
... Removed 30 stack frames]]>
    </failure>
  </testcase> <!-- @AfterMethod driverQuit -->
  <testcase classname="automationcore.Base" name="@BeforeMethod intializeBrowser" time="0.001">
    <failure type="java.io.FileNotFoundException" message="null\Abhijeeth\OneDrive\Documents\Projecttest.xlsx (The system cannot find the path specified)">
      <![CDATA[java.io.FileNotFoundException: null\Abhijeeth\OneDrive\Documents\Projecttest.xlsx (The system cannot find the path specified)
at java.base/java.io.FileInputStream.open0(Native Method)
at java.base/java.io.FileInputStream.open(FileInputStream.java:213)
at java.base/java.io.FileInputStream.<init>(FileInputStream.java:152)
at java.base/java.io.FileInputStream.<init>(FileInputStream.java:106)
at automationcore.Base.intializeBrowser(Base.java:32)
at java.base/java.util.ArrayList.forEach(ArrayList.java:1596)
... Removed 29 stack frames]]>
    </failure>
  </testcase> <!-- @BeforeMethod intializeBrowser -->
  <testcase classname="automationcore.Base" name="@AfterMethod driverQuit" time="0.001">
    <failure type="java.lang.NullPointerException" message="Cannot invoke &amp;quot;org.openqa.selenium.WebDriver.quit()&amp;quot; because &amp;quot;this.driver&amp;quot; is null">
      <![CDATA[java.lang.NullPointerException: Cannot invoke "org.openqa.selenium.WebDriver.quit()" because "this.driver" is null
at automationcore.Base.driverQuit(Base.java:70)
at java.base/java.util.ArrayList.forEach(ArrayList.java:1596)
... Removed 30 stack frames]]>
    </failure>
  </testcase> <!-- @AfterMethod driverQuit -->
  <testcase classname="automationcore.Base" name="@BeforeMethod intializeBrowser" time="0.0">
    <failure type="java.io.FileNotFoundException" message="null\Abhijeeth\OneDrive\Documents\Projecttest.xlsx (The system cannot find the path specified)">
      <![CDATA[java.io.FileNotFoundException: null\Abhijeeth\OneDrive\Documents\Projecttest.xlsx (The system cannot find the path specified)
at java.base/java.io.FileInputStream.open0(Native Method)
at java.base/java.io.FileInputStream.open(FileInputStream.java:213)
at java.base/java.io.FileInputStream.<init>(FileInputStream.java:152)
at java.base/java.io.FileInputStream.<init>(FileInputStream.java:106)
at automationcore.Base.intializeBrowser(Base.java:32)
at java.base/java.util.ArrayList.forEach(ArrayList.java:1596)
... Removed 29 stack frames]]>
    </failure>
  </testcase> <!-- @BeforeMethod intializeBrowser -->
  <testcase classname="automationcore.Base" name="@AfterMethod driverQuit" time="0.001">
    <failure type="java.lang.NullPointerException" message="Cannot invoke &amp;quot;org.openqa.selenium.WebDriver.quit()&amp;quot; because &amp;quot;this.driver&amp;quot; is null">
      <![CDATA[java.lang.NullPointerException: Cannot invoke "org.openqa.selenium.WebDriver.quit()" because "this.driver" is null
at automationcore.Base.driverQuit(Base.java:70)
at java.base/java.util.ArrayList.forEach(ArrayList.java:1596)
... Removed 30 stack frames]]>
    </failure>
  </testcase> <!-- @AfterMethod driverQuit -->
  <testcase classname="testscript.LoginTest" name="verifyLoginWithValidCredentials" time="0.001">
    <skipped/>
  </testcase> <!-- verifyLoginWithValidCredentials -->
  <testcase classname="testscript.LoginTest" name="verifyLoginWithaInvalidUsernameAndValidPassword" time="0.001">
    <skipped/>
  </testcase> <!-- verifyLoginWithaInvalidUsernameAndValidPassword -->
  <testcase classname="testscript.LoginTest" name="verifyLoginWithValidUsernameAndInvalidPassword" time="0.0">
    <skipped/>
  </testcase> <!-- verifyLoginWithValidUsernameAndInvalidPassword -->
  <testcase classname="testscript.LoginTest" name="verifyLoginWithInvalidUsernameAndInvalidPassword" time="0.0">
    <skipped/>
  </testcase> <!-- verifyLoginWithInvalidUsernameAndInvalidPassword -->
</testsuite> <!-- LoginTestt -->
